Start testing: Apr 07 11:10 CST
----------------------------------------------------------
1/1 Testing: Exampletest
1/1 Test: Exampletest
Command: "/home/cheeco/Gtest_Demo/build/tests/Exampletest"
Directory: /home/cheeco/Gtest_Demo/build/tests
"Exampletest" start time: Apr 07 11:10 CST
Output:
----------------------------------------------------------
Running main() from /home/cheeco/neuron/env/googletest/googletest/src/gtest_main.cc
[==========] Running 1 test from 1 test suite.
[----------] Global test environment set-up.
[----------] 1 test from TestName
[ RUN      ] TestName.exampletest_1
[       OK ] TestName.exampletest_1 (0 ms)
[----------] 1 test from TestName (0 ms total)

[----------] Global test environment tear-down
[==========] 1 test from 1 test suite ran. (0 ms total)
[  PASSED  ] 1 test.
<end of output>
Test time =   0.00 sec
----------------------------------------------------------
Test Passed.
"Exampletest" end time: Apr 07 11:10 CST
"Exampletest" time elapsed: 00:00:00
----------------------------------------------------------

End testing: Apr 07 11:10 CST
